<?xml version="1.0" encoding="UTF-8"?>
<!-- Generated by org.testng.reporters.JUnitXMLReporter -->
<testsuite ignored="0" hostname="DESKTOP-O4TI2RI" failures="0" tests="3" name="Default test" time="40.971" errors="0" timestamp="30 Jan 2023 16:51:04 GMT">
  <testcase classname="com.example.logincredentials.LoginModuleTest" name="incorrectPassword" time="13.152"/>
  <testcase classname="com.example.logincredentials.LoginModuleTest" name="incorrectUserName" time="12.403"/>
  <testcase classname="com.example.logincredentials.LoginModuleTest" name="loginTest" time="15.389"/>
</testsuite> <!-- Default test -->
