<?xml version="1.0" encoding="UTF-8"?>
<!-- Generated by org.testng.reporters.JUnitXMLReporter -->
<testsuite ignored="0" hostname="DESKTOP-O4TI2RI" failures="0" tests="3" name="LoginModuleTest" time="42.695" errors="0" timestamp="30 Jan 2023 17:36:18 GMT">
  <testcase classname="com.example.logincredentials.LoginModuleTest" name="incorrectPassword" time="14.549"/>
  <testcase classname="com.example.logincredentials.LoginModuleTest" name="incorrectUserName" time="12.413"/>
  <testcase classname="com.example.logincredentials.LoginModuleTest" name="loginTest" time="15.704"/>
</testsuite> <!-- LoginModuleTest -->
