<?xml version="1.0" encoding="UTF-8"?>
<!-- Generated by org.testng.reporters.JUnitXMLReporter -->
<testsuite ignored="0" hostname="DESKTOP-O4TI2RI" failures="0" tests="2" name="NegativeTest" time="38.201" errors="0" timestamp="29 Jan 2023 15:12:48 GMT">
  <testcase classname="com.example.logincredentials.NegativeTest" name="incorrectPassword" time="17.849"/>
  <testcase classname="com.example.logincredentials.NegativeTest" name="incorrectUserName" time="20.312"/>
</testsuite> <!-- NegativeTest -->
