<?xml version="1.0" encoding="UTF-8"?>
<testng-results ignored="0" total="3" passed="3" failed="0" skipped="0">
  <reporter-output>
  </reporter-output>
  <suite started-at="2023-01-30T17:35:36Z" name="AllTest" finished-at="2023-01-30T17:36:18Z" duration-ms="42695">
    <groups>
    </groups>
    <test started-at="2023-01-30T17:35:36Z" name="LoginModuleTest" finished-at="2023-01-30T17:36:18Z" duration-ms="42695">
      <class name="com.example.logincredentials.LoginModuleTest">
        <test-method signature="incorrectPassword()[pri:0, instance:com.example.logincredentials.LoginModuleTest@53251a66]" started-at="2023-01-30T17:35:36Z" name="incorrectPassword" finished-at="2023-01-30T17:35:50Z" duration-ms="14549" status="PASS">
          <reporter-output>
          </reporter-output>
        </test-method> <!-- incorrectPassword -->
        <test-method signature="incorrectUserName()[pri:0, instance:com.example.logincredentials.LoginModuleTest@53251a66]" started-at="2023-01-30T17:35:50Z" name="incorrectUserName" finished-at="2023-01-30T17:36:03Z" duration-ms="12413" status="PASS">
          <reporter-output>
          </reporter-output>
        </test-method> <!-- incorrectUserName -->
        <test-method signature="loginTest()[pri:0, instance:com.example.logincredentials.LoginModuleTest@53251a66]" started-at="2023-01-30T17:36:03Z" name="loginTest" finished-at="2023-01-30T17:36:18Z" duration-ms="15704" status="PASS">
          <reporter-output>
          </reporter-output>
        </test-method> <!-- loginTest -->
      </class> <!-- com.example.logincredentials.LoginModuleTest -->
    </test> <!-- LoginModuleTest -->
  </suite> <!-- AllTest -->
</testng-results>
